2024-07-31 10:45:02.841 [info] Added views:workbench.panel.markers.view in workbench.panel.markers
2024-07-31 10:45:02.841 [info] Added views:workbench.panel.output in workbench.panel.output
2024-07-31 10:45:02.841 [info] Added views:terminal in terminal
2024-07-31 10:45:02.841 [info] Added views:outline in workbench.view.explorer
2024-07-31 10:45:02.842 [info] Added views:workbench.scm in workbench.view.scm
2024-07-31 10:45:02.842 [info] Added views:workbench.view.search in workbench.view.search
2024-07-31 10:45:02.842 [info] Added views:timeline in workbench.view.explorer
2024-07-31 10:45:02.842 [info] Added views:workbench.explorer.emptyView in workbench.view.explorer
2024-07-31 10:45:03.102 [info] Added views:todo-tree-view in workbench.view.extension.todo-tree-container
2024-07-31 10:45:03.181 [info] Added views:workbench.debug.variablesView,workbench.debug.watchExpressionsView,workbench.debug.callStackView,workbench.debug.breakPointsView in workbench.view.debug
2024-07-31 10:45:03.206 [info] Added views:workbench.panel.repl.view in workbench.panel.repl
2024-07-31 10:45:03.207 [info] Removed views:workbench.debug.breakPointsView,workbench.debug.callStackView,workbench.debug.watchExpressionsView,workbench.debug.variablesView from workbench.view.debug
2024-07-31 10:45:03.207 [info] Added views:workbench.debug.welcome in workbench.view.debug
2024-07-31 10:45:03.253 [info] Added views:~remote.forwardedPorts in ~remote.forwardedPortsContainer
2024-07-31 10:45:12.329 [info] Added views:workbench.views.extensions.installed,workbench.views.extensions.popular,extensions.recommendedList in workbench.view.extensions
2024-07-31 10:45:12.330 [info] Removed views:workbench.views.extensions.popular from workbench.view.extensions
2024-07-31 11:02:23.392 [info] Removed views:workbench.panel.repl.view from workbench.panel.repl
2024-07-31 11:02:23.460 [info] Added views:workbench.panel.repl.view in workbench.panel.repl
2024-07-31 11:03:54.949 [info] Added views:jupyterViewVariables in workbench.view.extension.jupyter-variables
2024-07-31 11:03:54.967 [info] Added views:cell-tag in workbench.view.extension.jupyter-variables
2024-07-31 11:03:55.520 [info] Added views:workbench.view.testing in workbench.view.extension.test
2024-07-31 11:04:02.270 [info] Removed views:cell-tag,jupyterViewVariables from workbench.view.extension.jupyter-variables
2024-07-31 11:04:04.205 [info] Removed views:workbench.view.testing from workbench.view.extension.test
