2024-07-31 11:03:55.556 [info] Telemetry level is off
2024-07-31 11:03:55.556 [info] Experiments are disabled, only manually opted experiments are active.
2024-07-31 11:03:55.556 [info] Starting Environment refresh
2024-07-31 11:03:55.556 [info] Searching for interpreters in posix paths locator
2024-07-31 11:03:55.556 [info] Searching for pyenv environments
2024-07-31 11:03:55.556 [info] Searching for conda environments
2024-07-31 11:03:55.556 [info] Searching for global virtual environments
2024-07-31 11:03:55.556 [info] Searching for custom virtual environments
2024-07-31 11:03:55.556 [info] pyenv is not installed
2024-07-31 11:03:55.556 [info] Finished searching for pyenv environments: 11 milliseconds
2024-07-31 11:03:55.556 [info] Finished searching for custom virtual envs: 11 milliseconds
2024-07-31 11:03:55.556 [info] > conda info --json
2024-07-31 11:03:55.556 [info] Finished searching for global virtual envs: 20 milliseconds
2024-07-31 11:03:55.561 [info] > ~/.conda/bin/conda info --json
2024-07-31 11:03:55.565 [info] > ~/miniconda3/bin/conda info --json
2024-07-31 11:03:55.565 [info] Found: /bin/python --> /bin/python3.12
2024-07-31 11:03:55.567 [info] Found: /bin/python3 --> /bin/python3.12
2024-07-31 11:03:55.568 [info] Found: /bin/python3.12 --> /bin/python3.12
2024-07-31 11:03:55.586 [info] Found: /sbin/python --> /sbin/python3.12
2024-07-31 11:03:55.587 [info] Found: /sbin/python3 --> /sbin/python3.12
2024-07-31 11:03:55.587 [info] Found: /sbin/python3.12 --> /sbin/python3.12
2024-07-31 11:03:55.591 [info] Found: /usr/bin/python --> /usr/bin/python3.12
2024-07-31 11:03:55.591 [info] Found: /usr/bin/python3 --> /usr/bin/python3.12
2024-07-31 11:03:55.591 [info] Found: /usr/bin/python3.12 --> /usr/bin/python3.12
2024-07-31 11:03:55.608 [info] Found: /usr/sbin/python --> /usr/sbin/python3.12
2024-07-31 11:03:55.608 [info] Found: /usr/sbin/python3 --> /usr/sbin/python3.12
2024-07-31 11:03:55.608 [info] Found: /usr/sbin/python3.12 --> /usr/sbin/python3.12
2024-07-31 11:03:55.623 [info] > /bin/python -I ~/.vscode-oss/extensions/ms-python.python-2024.10.0-universal/python_files/get_output_via_markers.py ~/.vscode-oss/extensions/ms-python.python-2024.10.0-universal/python_files/interpreterInfo.py
2024-07-31 11:03:55.836 [info] > /sbin/python -I ~/.vscode-oss/extensions/ms-python.python-2024.10.0-universal/python_files/get_output_via_markers.py ~/.vscode-oss/extensions/ms-python.python-2024.10.0-universal/python_files/interpreterInfo.py
2024-07-31 11:03:55.849 [info] Finished searching for interpreters in posix paths locator: 319 milliseconds
2024-07-31 11:03:55.849 [info] > /usr/bin/python -I ~/.vscode-oss/extensions/ms-python.python-2024.10.0-universal/python_files/get_output_via_markers.py ~/.vscode-oss/extensions/ms-python.python-2024.10.0-universal/python_files/interpreterInfo.py
2024-07-31 11:03:55.869 [info] > /usr/sbin/python -I ~/.vscode-oss/extensions/ms-python.python-2024.10.0-universal/python_files/get_output_via_markers.py ~/.vscode-oss/extensions/ms-python.python-2024.10.0-universal/python_files/interpreterInfo.py
2024-07-31 11:03:56.001 [info] > ~/miniconda3/bin/python -I ~/.vscode-oss/extensions/ms-python.python-2024.10.0-universal/python_files/get_output_via_markers.py ~/.vscode-oss/extensions/ms-python.python-2024.10.0-universal/python_files/interpreterInfo.py
2024-07-31 11:03:56.007 [info] > ~/miniconda3/envs/data/bin/python -I ~/.vscode-oss/extensions/ms-python.python-2024.10.0-universal/python_files/get_output_via_markers.py ~/.vscode-oss/extensions/ms-python.python-2024.10.0-universal/python_files/interpreterInfo.py
2024-07-31 11:03:56.012 [info] Finished searching for conda environments: 487 milliseconds
2024-07-31 11:03:56.017 [info] Environments refresh paths discovered (event): 493 milliseconds
2024-07-31 11:03:56.017 [info] Environments refresh paths discovered: 493 milliseconds
2024-07-31 11:03:56.032 [info] Environments refresh finished (event): 508 milliseconds
2024-07-31 11:03:56.038 [info] Environment refresh took 514 milliseconds
2024-07-31 11:03:56.043 [info] > pixi --version
2024-07-31 11:03:56.044 [error] [Error: spawn pixi ENOENT
	at ChildProcess._handle.onexit (node:internal/child_process:286:19)
	at onErrorNT (node:internal/child_process:484:16)
	at process.processTicksAndRejections (node:internal/process/task_queues:82:21)] {
  errno: -2,
  code: 'ENOENT',
  syscall: 'spawn pixi',
  path: 'pixi',
  spawnargs: [ '--version' ]
}
2024-07-31 11:03:56.044 [warning] could not find a pixi interpreter for the interpreter at /bin/python
2024-07-31 11:03:56.048 [info] Python interpreter path: /bin/python
2024-07-31 11:03:56.509 [info] Starting Jedi language server for default.
